Pleurotus eryngii	0.405
Category:Frog images	0.405
Aligarh Movement	0.2775
Dibbinsdale	0.2775
Cherry Garcia	0.2775
Makasae	0.2775
Suwayq	0.2775
Jabin	0.17550000000000002
Bion 3	0.17125
Come and Get It (song)	0.16821428571428573
Category:Neuroanatomy	0.16593750000000002
Nicolson Institute	0.16049382715699745
Tem Barkwater	0.15850000000000003
The Best: Sittin' In Again	0.15850000000000003
Marianne van Hirtum	0.15796875000000002
Fetească neagră	0.1574344023321782
Patrick W. Welch	0.1560283687942964
Category:Bishops of the Methodist Episcopal Church	0.15510000000000002
Sthenurinae	0.15452930728241318
Cowles Commission	0.15390306122448982
Temescal Creek	0.15349428928683945
Carl Erhardt	0.1524056603773585
VP Records	0.1524056603773585
Strawberry Creek	0.1521043571918357
History of Portugal (1910-1926)	0.151875
1903 in New Zealand	0.15141430948419304
Hellerup IK	0.1508793103448276
Conan O'Brien	0.1507936507936508
Ken Armstrong	0.1503087167070218
Ḥebra ḳaddisha	0.15000000000000002
Ōe no Masafusa	0.15000000000000002
Ķengarags	0.15000000000000002
Çamyuva	0.15000000000000002
Zuken	0.15000000000000002
Zong	0.15000000000000002
Zirconium(IV) chloride	0.15000000000000002
Zimm-Bragg model	0.15000000000000002
Zig Zag (company)	0.15000000000000002
Zibdani	0.15000000000000002
Zhou Cang	0.15000000000000002
Zhaoxian	0.15000000000000002
Zero-energy building	0.15000000000000002
Zelda Games in Development	0.15000000000000002
Zakir Hussain Hall	0.15000000000000002
Zaglossus	0.15000000000000002
Yvonne Nevejean	0.15000000000000002
Yutaka Takenouchi	0.15000000000000002
Yurcak Field	0.15000000000000002
Yukari Nakano	0.15000000000000002
Young Scientist and Technology Exhibition (Ireland)	0.15000000000000002
York Larese	0.15000000000000002
Yellow mombin	0.15000000000000002
Yearby	0.15000000000000002
Yan Stastny	0.15000000000000002
Yamana clan	0.15000000000000002
Xinluo	0.15000000000000002
XYZ matrix	0.15000000000000002
XUPN	0.15000000000000002
XST	0.15000000000000002
XPDL	0.15000000000000002
XHHUPN	0.15000000000000002
X.PC	0.15000000000000002
X.32	0.15000000000000002
Wörth	0.15000000000000002
Wörrstadt	0.15000000000000002
Wuppertal, Germany	0.15000000000000002
Writers Guild of America Awards 2004	0.15000000000000002
Wrist-wing glider	0.15000000000000002
World's Largest Buffalo	0.15000000000000002
World Trade Centre (HK)	0.15000000000000002
World FreeFall Convention	0.15000000000000002
World Conference against Racism 2001	0.15000000000000002
Working men's club	0.15000000000000002
Working condition	0.15000000000000002
Wood conserving stoves	0.15000000000000002
Wojciech Zhyvny	0.15000000000000002
Wishaw railway station	0.15000000000000002
Windebank	0.15000000000000002
Willie Stein	0.15000000000000002
Willie Dunn	0.15000000000000002
William de Mohun of Dunster, 1st Earl of Somerset	0.15000000000000002
William blake	0.15000000000000002
William Wurster	0.15000000000000002
William Wallace Duncan	0.15000000000000002
William Nathan Harrell Smith	0.15000000000000002
William Hill Poker Grand Prix	0.15000000000000002
William Edward Maguiness	0.15000000000000002
William Douglas Weir, 1st Viscount Weir	0.15000000000000002
William Beatty (disambiguation)	0.15000000000000002
Wilhelm von Hirschau	0.15000000000000002
Wild Love	0.15000000000000002
Wild Card (show)	0.15000000000000002
Wikipedia:Wikipedia Signpost/2006-03-13/Features and admins	0.15000000000000002
Wikipedia:WikiProject Warhammer 40,000/Notability	0.15000000000000002
Wikipedia:WikiProject Usability/Main Page/Draft/Test	0.15000000000000002
Wikipedia:WikiProject Spoken Wikipedia/List guidelines	0.15000000000000002
Wikipedia:WikiProject Pedophilia/Watchlist	0.15000000000000002
Wikipedia:WikiProject Missing encyclopedic articles/1911 verification/draft	0.15000000000000002
Wikipedia:WikiProject Missing encyclopedic articles/1911 verification/W	0.15000000000000002
Wikipedia:WikiProject Missing encyclopedic articles/1911 verification/N	0.15000000000000002
