Category:Articles	285.6617011870962
United States	220.62028666726417
France	199.9651014598436
Category:Living people	133.8159906152158
Category:Social sciences	127.42877474025146
Category:People	124.3414104737149
Category:Contents	118.47074843688058
Category:Science	105.01268179992377
Category:Everyday life	89.11097081250848
Japan	81.50406307752017
Category:Culture	78.3287243214657
Category:European countries	64.23555162375526
Category:States of the United States	61.470489217802324
Category:Humanities	61.14688462900197
Category:Society	60.72800132506627
England	55.091335696698344
Europe	54.99913253680489
Sweden	49.45612826819986
United Kingdom	47.807299193468296
List of Internet top-level domains	46.59445346667813
Category:Categories by nationality	46.30744897549128
Germany	43.8594783727721
India	43.844386675678884
Pakistan	42.412477505483956
Category:Wikipedia templates	40.28366287996381
Category:Biology	38.09415647740875
Australia	37.633209233711426
London	36.54409465131112
Category:Politics	34.24952448381731
Italy	34.240808192043396
Canada	34.110076545022125
Category:Natural sciences	32.23178217659315
Category:Scientific disciplines	32.178265742737075
Category:Entertainment	30.66520657890536
Spain	30.0208408827212
Animal	29.967278807787753
Category:Countries by continent	29.35117745900622
World War II	28.917836680540375
New York City	28.223934124473583
Category:Administrative regions of France	28.09768374343265
Russia	27.71623159911982
California	27.70800021544459
Category:Sports	27.438583437407587
Brazil	27.168057475500024
Switzerland	26.754314241080927
Category:Computing	26.053378165599963
Iowa	25.612175251946315
Category:People by occupation	24.89569930852248
Category:Asian countries	24.342736921345537
China	24.032939741084444
Pays de la Loire	23.864229716850296
Category:American movie actors	23.271224680649272
Islam	23.25992876708762
Category:Landforms	23.054486167097714
Category:Cities in Iowa	22.98728144567765
Asia	22.309648748084104
Paris	22.18322548037105
Africa	22.087199696076066
Illinois	21.89754039869986
Category:North American countries	21.764855295839006
List of popes	21.743664827739146
Category:American television actors	21.534736680987056
Category:Categories by genre	21.11965132978904
Category:Subtemplates of Template Infobox road	20.932621441514453
Category:Continents	20.921272935318548
New York	20.653704047577605
Scotland	20.230908094988525
North America	19.91123150145458
Category:Language	19.453667224179373
Category:Highway infobox templates	19.3505561432812
Nord-Pas-de-Calais	19.308990231587014
Category:Communication	19.26081079773335
Category:Categories by continent	18.774544350981657
Category:Physics	18.49980583987308
Pas-de-Calais	18.313867508324456
Category:Economics	18.258833743309776
Category:Leisure	18.060211661587005
Romania	17.931298695443974
Category:Movies by genre	17.89571039647613
Florida	17.890374802779043
Category:Games	17.847717510248184
Category:England	17.80206943439281
Picardie	17.750675041531487
World War I	17.741043540288466
Category:Religion	17.73181200160836
Rhône-Alpes	17.69169964639662
Los Angeles	17.223798097117317
Category:Mathematics	17.171995620457594
2006	17.117869837028888
Category:Technology	16.92100857823078
Aisne	16.86586135498106
Picardy	16.850449031324242
Chicago	16.81859878664756
European Union	16.700101768244952
Basse-Normandie	16.667910098770093
Category:Government	16.61481833401713
Mexico	16.59913447425637
Category:Regions of England	16.57428200324694
Category:Literature	16.52760470674575
Category:Subdivisions of the United States	16.39946915766386
